const http = require('http');
const fs = require('fs');
const path = require('path');

const server = http.createServer((req, res) => {
    if (req.url === '/cronjob-log') {
        const logFilePath = path.join(__dirname, 'cronjob.log');

        fs.readFile(logFilePath, 'utf8', (err, data) => {
            if (err) {
                res.writeHead(500, {'Content-Type': 'text/plain'});
                res.end('Error reading log file');
                return;
            }

            res.writeHead(200, {'Content-Type': 'text/plain'});
            res.end(data);
        });
    } else {
        res.writeHead(404, {'Content-Type': 'text/plain'});
        res.end('Not Found');
    }
});

const port = process.env.PORT || 3000; // Use the port provided by the environment variable or default to 3000

server.listen(port, () => {
    console.log(`Server running at https://reapi.netlify.app/`);
});

